<?xml version="1.0" encoding="utf-8"?><testsuites name="pytest tests"><testsuite name="pytest" errors="0" failures="0" skipped="0" tests="28" time="7.197" timestamp="2026-04-17T11:42:49.389568+00:00" hostname="agent-env-2d55256f-bb95-4e2c-849e-cc156a40da5d"><testcase classname="backend.tests.test_api_endpoints.TestMarketRegimeAPI" name="test_market_regime_returns_success" time="0.261" /><testcase classname="backend.tests.test_api_endpoints.TestMarketRegimeAPI" name="test_market_regime_data_structure" time="0.112" /><testcase classname="backend.tests.test_api_endpoints.TestMarketRegimeAPI" name="test_market_regime_valid_values" time="0.149" /><testcase classname="backend.tests.test_api_endpoints.TestSignalsAPI" name="test_top10_signals_swing" time="0.384" /><testcase classname="backend.tests.test_api_endpoints.TestSignalsAPI" name="test_top10_signals_intraday" time="0.632" /><testcase classname="backend.tests.test_api_endpoints.TestSignalsAPI" name="test_top10_signals_positional" time="0.571" /><testcase classname="backend.tests.test_api_endpoints.TestSignalsAPI" name="test_signal_data_structure" time="0.337" /><testcase classname="backend.tests.test_api_endpoints.TestStockDetailAPI" name="test_stock_detail_reliance" time="0.176" /><testcase classname="backend.tests.test_api_endpoints.TestStockDetailAPI" name="test_stock_detail_has_chart_data" time="0.134" /><testcase classname="backend.tests.test_api_endpoints.TestStockDetailAPI" name="test_stock_detail_has_indicators" time="0.133" /><testcase classname="backend.tests.test_api_endpoints.TestStockDetailAPI" name="test_stock_detail_has_levels" time="0.141" /><testcase classname="backend.tests.test_api_endpoints.TestStrategiesAPI" name="test_strategies_list_returns_13" time="0.109" /><testcase classname="backend.tests.test_api_endpoints.TestStrategiesAPI" name="test_strategies_have_required_fields" time="0.112" /><testcase classname="backend.tests.test_api_endpoints.TestStrategiesAPI" name="test_strategies_timeframes" time="0.109" /><testcase classname="backend.tests.test_api_endpoints.TestBacktestAPI" name="test_backtest_run_success" time="0.332" /><testcase classname="backend.tests.test_api_endpoints.TestBacktestAPI" name="test_backtest_results_structure" time="0.328" /><testcase classname="backend.tests.test_api_endpoints.TestBacktestAPI" name="test_backtest_metrics_fields" time="0.334" /><testcase classname="backend.tests.test_api_endpoints.TestSentimentAPI" name="test_sentiment_reliance" time="0.103" /><testcase classname="backend.tests.test_api_endpoints.TestSentimentAPI" name="test_sentiment_data_structure" time="0.106" /><testcase classname="backend.tests.test_api_endpoints.TestSentimentAPI" name="test_sentiment_label_valid" time="0.101" /><testcase classname="backend.tests.test_api_endpoints.TestSentimentAPI" name="test_sentiment_headlines_present" time="0.128" /><testcase classname="backend.tests.test_api_endpoints.TestRiskAPI" name="test_risk_calculation_success" time="0.106" /><testcase classname="backend.tests.test_api_endpoints.TestRiskAPI" name="test_risk_fixed_fractional" time="0.106" /><testcase classname="backend.tests.test_api_endpoints.TestRiskAPI" name="test_risk_kelly_criterion" time="0.143" /><testcase classname="backend.tests.test_api_endpoints.TestRiskAPI" name="test_risk_recommendations" time="0.121" /><testcase classname="backend.tests.test_api_endpoints.TestIntradayAPI" name="test_intraday_signals_success" time="0.597" /><testcase classname="backend.tests.test_api_endpoints.TestIntradayAPI" name="test_intraday_signals_structure" time="0.888" /><testcase classname="backend.tests.test_api_endpoints.TestScannerAPI" name="test_scanner_run_swing" time="0.346" /></testsuite></testsuites>