<?xml version="1.0" encoding="utf-8"?><testsuites name="pytest tests"><testsuite name="pytest" errors="0" failures="0" skipped="0" tests="17" time="2.983" timestamp="2026-04-17T13:16:23.295451+00:00" hostname="agent-env-2d55256f-bb95-4e2c-849e-cc156a40da5d"><testcase classname="backend.tests.test_quant_endpoints.TestQuantFactorModel" name="test_factor_scores_default_regime" time="0.344" /><testcase classname="backend.tests.test_quant_endpoints.TestQuantFactorModel" name="test_factor_scores_bull_trending" time="0.212" /><testcase classname="backend.tests.test_quant_endpoints.TestQuantFactorModel" name="test_factor_scores_bear_volatile" time="0.210" /><testcase classname="backend.tests.test_quant_endpoints.TestQuantPairsTrading" name="test_pairs_signals" time="0.147" /><testcase classname="backend.tests.test_quant_endpoints.TestQuantPairsTrading" name="test_pairs_count" time="0.164" /><testcase classname="backend.tests.test_quant_endpoints.TestQuantOptionsFlow" name="test_options_flow_reliance" time="0.117" /><testcase classname="backend.tests.test_quant_endpoints.TestQuantOptionsFlow" name="test_options_flow_tcs" time="0.172" /><testcase classname="backend.tests.test_quant_endpoints.TestQuantOptionsFlow" name="test_options_flow_scan_all" time="0.112" /><testcase classname="backend.tests.test_quant_endpoints.TestQuantOrderFlow" name="test_order_flow_reliance" time="0.113" /><testcase classname="backend.tests.test_quant_endpoints.TestQuantOrderFlow" name="test_order_flow_sbin" time="0.120" /><testcase classname="backend.tests.test_quant_endpoints.TestQuantOrderFlow" name="test_order_flow_metrics_valid" time="0.138" /><testcase classname="backend.tests.test_quant_endpoints.TestQuantVolSurface" name="test_vol_surface_reliance" time="0.118" /><testcase classname="backend.tests.test_quant_endpoints.TestQuantVolSurface" name="test_vol_surface_hdfcbank" time="0.126" /><testcase classname="backend.tests.test_quant_endpoints.TestQuantVolSurface" name="test_vol_opportunities" time="0.144" /><testcase classname="backend.tests.test_quant_endpoints.TestExistingEndpoints" name="test_market_regime" time="0.107" /><testcase classname="backend.tests.test_quant_endpoints.TestExistingEndpoints" name="test_top10_signals" time="0.407" /><testcase classname="backend.tests.test_quant_endpoints.TestExistingEndpoints" name="test_strategies_list" time="0.117" /></testsuite></testsuites>