<?xml version="1.0" encoding="utf-8"?><testsuites name="pytest tests"><testsuite name="pytest" errors="0" failures="0" skipped="0" tests="42" time="7.050" timestamp="2026-04-17T12:20:11.281619+00:00" hostname="agent-env-2d55256f-bb95-4e2c-849e-cc156a40da5d"><testcase classname="backend.tests.test_all_endpoints.TestMarketRegimeAPI" name="test_market_regime_returns_success" time="0.251" /><testcase classname="backend.tests.test_all_endpoints.TestMarketRegimeAPI" name="test_market_regime_data_structure" time="0.107" /><testcase classname="backend.tests.test_all_endpoints.TestMarketRegimeAPI" name="test_market_regime_valid_values" time="0.110" /><testcase classname="backend.tests.test_all_endpoints.TestSignalsAPI" name="test_top10_signals_swing" time="0.370" /><testcase classname="backend.tests.test_all_endpoints.TestSignalsAPI" name="test_top10_signals_intraday" time="0.671" /><testcase classname="backend.tests.test_all_endpoints.TestSignalsAPI" name="test_top10_signals_positional" time="0.645" /><testcase classname="backend.tests.test_all_endpoints.TestSignalsAPI" name="test_signal_data_structure" time="0.350" /><testcase classname="backend.tests.test_all_endpoints.TestStrategiesAPI" name="test_strategies_list_returns_13" time="0.103" /><testcase classname="backend.tests.test_all_endpoints.TestStrategiesAPI" name="test_strategies_have_required_fields" time="0.099" /><testcase classname="backend.tests.test_all_endpoints.TestStrategiesAPI" name="test_strategies_timeframes" time="0.108" /><testcase classname="backend.tests.test_all_endpoints.TestRiskAPI" name="test_risk_calculation_success" time="0.105" /><testcase classname="backend.tests.test_all_endpoints.TestRiskAPI" name="test_risk_fixed_fractional" time="0.117" /><testcase classname="backend.tests.test_all_endpoints.TestRiskAPI" name="test_risk_kelly_criterion" time="0.108" /><testcase classname="backend.tests.test_all_endpoints.TestSentimentAPI" name="test_sentiment_reliance" time="0.103" /><testcase classname="backend.tests.test_all_endpoints.TestSentimentAPI" name="test_sentiment_data_structure" time="0.112" /><testcase classname="backend.tests.test_all_endpoints.TestMLRegimeProbabilities" name="test_regime_probabilities_success" time="0.109" /><testcase classname="backend.tests.test_all_endpoints.TestMLRegimeProbabilities" name="test_regime_probabilities_structure" time="0.131" /><testcase classname="backend.tests.test_all_endpoints.TestMLRegimeProbabilities" name="test_regime_probabilities_sum_to_one" time="0.104" /><testcase classname="backend.tests.test_all_endpoints.TestMLOptimalWeights" name="test_optimal_weights_success" time="0.107" /><testcase classname="backend.tests.test_all_endpoints.TestMLOptimalWeights" name="test_optimal_weights_structure" time="0.112" /><testcase classname="backend.tests.test_all_endpoints.TestMLOptimalWeights" name="test_optimal_weights_different_regimes" time="0.213" /><testcase classname="backend.tests.test_all_endpoints.TestMLQualityScore" name="test_quality_score_success" time="0.104" /><testcase classname="backend.tests.test_all_endpoints.TestMLQualityScore" name="test_quality_score_value_range" time="0.105" /><testcase classname="backend.tests.test_all_endpoints.TestMLQualityScore" name="test_quality_score_with_all_params" time="0.099" /><testcase classname="backend.tests.test_all_endpoints.TestMLOptimalExit" name="test_optimal_exit_success" time="0.106" /><testcase classname="backend.tests.test_all_endpoints.TestMLOptimalExit" name="test_optimal_exit_structure" time="0.101" /><testcase classname="backend.tests.test_all_endpoints.TestMLOptimalExit" name="test_optimal_exit_value_range" time="0.107" /><testcase classname="backend.tests.test_all_endpoints.TestMLVolumeAnomaly" name="test_volume_anomaly_success" time="0.153" /><testcase classname="backend.tests.test_all_endpoints.TestMLVolumeAnomaly" name="test_volume_anomaly_structure" time="0.116" /><testcase classname="backend.tests.test_all_endpoints.TestMLVolumeAnomaly" name="test_volume_anomaly_detection" time="0.134" /><testcase classname="backend.tests.test_all_endpoints.TestMLNewsImpact" name="test_news_impact_success" time="0.100" /><testcase classname="backend.tests.test_all_endpoints.TestMLNewsImpact" name="test_news_impact_structure" time="0.118" /><testcase classname="backend.tests.test_all_endpoints.TestMLNewsImpact" name="test_news_impact_different_events" time="0.535" /><testcase classname="backend.tests.test_all_endpoints.TestMLSectorRotation" name="test_sector_rotation_success" time="0.123" /><testcase classname="backend.tests.test_all_endpoints.TestMLSectorRotation" name="test_sector_rotation_structure" time="0.106" /><testcase classname="backend.tests.test_all_endpoints.TestMLSectorRotation" name="test_sector_rotation_sector_data" time="0.114" /><testcase classname="backend.tests.test_all_endpoints.TestMLPatternRecognition" name="test_pattern_recognition_success" time="0.097" /><testcase classname="backend.tests.test_all_endpoints.TestMLPatternRecognition" name="test_pattern_recognition_structure" time="0.121" /><testcase classname="backend.tests.test_all_endpoints.TestMLPatternRecognition" name="test_pattern_recognition_with_all_params" time="0.111" /><testcase classname="backend.tests.test_all_endpoints.TestMLEarningsSurprise" name="test_earnings_surprise_success" time="0.109" /><testcase classname="backend.tests.test_all_endpoints.TestMLEarningsSurprise" name="test_earnings_surprise_structure" time="0.126" /><testcase classname="backend.tests.test_all_endpoints.TestMLEarningsSurprise" name="test_earnings_surprise_probabilities_sum" time="0.105" /></testsuite></testsuites>